c:\users\tuf\desktop\udpvezbe5mreze1\udpvezbe5mreze1\debug\vc142.pdb
c:\users\tuf\desktop\udpvezbe5mreze1\udpvezbe5mreze1\debug\vc142.idb
c:\users\tuf\desktop\udpvezbe5mreze1\udpvezbe5mreze1\debug\udpvezbe5mreze1.obj
c:\users\tuf\desktop\udpvezbe5mreze1\debug\udpvezbe5mreze1.pdb
c:\users\tuf\desktop\udpvezbe5mreze1\udpvezbe5mreze1\debug\udpvezbe5mreze1.tlog\cl.command.1.tlog
c:\users\tuf\desktop\udpvezbe5mreze1\udpvezbe5mreze1\debug\udpvezbe5mreze1.tlog\cl.read.1.tlog
c:\users\tuf\desktop\udpvezbe5mreze1\udpvezbe5mreze1\debug\udpvezbe5mreze1.tlog\cl.write.1.tlog
c:\users\tuf\desktop\udpvezbe5mreze1\udpvezbe5mreze1\debug\udpvezbe5mreze1.tlog\link-cvtres.read.1.tlog
c:\users\tuf\desktop\udpvezbe5mreze1\udpvezbe5mreze1\debug\udpvezbe5mreze1.tlog\link-cvtres.write.1.tlog
c:\users\tuf\desktop\udpvezbe5mreze1\udpvezbe5mreze1\debug\udpvezbe5mreze1.tlog\link-rc.read.1.tlog
c:\users\tuf\desktop\udpvezbe5mreze1\udpvezbe5mreze1\debug\udpvezbe5mreze1.tlog\link-rc.write.1.tlog
c:\users\tuf\desktop\udpvezbe5mreze1\udpvezbe5mreze1\debug\udpvezbe5mreze1.tlog\link.15512-cvtres.read.1.tlog
c:\users\tuf\desktop\udpvezbe5mreze1\udpvezbe5mreze1\debug\udpvezbe5mreze1.tlog\link.15512-cvtres.write.1.tlog
c:\users\tuf\desktop\udpvezbe5mreze1\udpvezbe5mreze1\debug\udpvezbe5mreze1.tlog\link.15512-rc.read.1.tlog
c:\users\tuf\desktop\udpvezbe5mreze1\udpvezbe5mreze1\debug\udpvezbe5mreze1.tlog\link.15512-rc.write.1.tlog
c:\users\tuf\desktop\udpvezbe5mreze1\udpvezbe5mreze1\debug\udpvezbe5mreze1.tlog\link.15512.read.1.tlog
c:\users\tuf\desktop\udpvezbe5mreze1\udpvezbe5mreze1\debug\udpvezbe5mreze1.tlog\link.15512.write.1.tlog
c:\users\tuf\desktop\udpvezbe5mreze1\udpvezbe5mreze1\debug\udpvezbe5mreze1.tlog\link.command.1.tlog
c:\users\tuf\desktop\udpvezbe5mreze1\udpvezbe5mreze1\debug\udpvezbe5mreze1.tlog\link.read.1.tlog
c:\users\tuf\desktop\udpvezbe5mreze1\udpvezbe5mreze1\debug\udpvezbe5mreze1.tlog\link.write.1.tlog
